6/12/2017 6:50:35 PM, Info: Initializing SIMPLSharp Services...
6/12/2017 6:50:35 PM, Info: ProjectInfo successfully initialized.
6/12/2017 6:50:41 PM, Info: Commiting verification transaction...
6/12/2017 6:50:41 PM, Info: Saving project information...
6/12/2017 6:51:10 PM, Info: Initializing SIMPLSharp Services...
6/12/2017 6:51:10 PM, Info: ProjectInfo successfully initialized.
6/12/2017 6:51:14 PM, Info: Commiting verification transaction...
6/12/2017 6:51:14 PM, Info: Saving project information...
6/12/2017 7:09:03 PM, Info: Initializing SIMPLSharp Services...
6/12/2017 7:09:03 PM, Info: ProjectInfo successfully initialized.
6/12/2017 7:09:06 PM, Info: Commiting verification transaction...
6/12/2017 7:09:06 PM, Info: Saving project information...
6/12/2017 7:12:35 PM, Info: Initializing SIMPLSharp Services...
6/12/2017 7:12:35 PM, Info: ProjectInfo successfully initialized.
6/12/2017 7:12:38 PM, Info: Commiting verification transaction...
6/12/2017 7:12:38 PM, Info: Saving project information...
6/12/2017 7:17:25 PM, Info: Initializing SIMPLSharp Services...
6/12/2017 7:17:25 PM, Info: ProjectInfo successfully initialized.
6/12/2017 7:17:27 PM, Info: Commiting verification transaction...
6/12/2017 7:17:27 PM, Info: Saving project information...
6/12/2017 7:17:51 PM, Info: Initializing SIMPLSharp Services...
6/12/2017 7:17:51 PM, Info: ProjectInfo successfully initialized.
6/12/2017 7:17:53 PM, Info: Commiting verification transaction...
6/12/2017 7:17:53 PM, Info: Saving project information...
6/12/2017 7:20:57 PM, Info: Initializing SIMPLSharp Services...
6/12/2017 7:20:57 PM, Info: ProjectInfo successfully initialized.
6/12/2017 7:20:59 PM, Info: Commiting verification transaction...
6/12/2017 7:20:59 PM, Info: Saving project information...
6/12/2017 7:25:29 PM, Info: Initializing SIMPLSharp Services...
6/12/2017 7:25:29 PM, Info: ProjectInfo successfully initialized.
6/12/2017 7:25:31 PM, Info: Commiting verification transaction...
6/12/2017 7:25:31 PM, Info: Saving project information...
6/12/2017 7:29:31 PM, Info: Initializing SIMPLSharp Services...
6/12/2017 7:29:31 PM, Info: ProjectInfo successfully initialized.
6/12/2017 7:29:33 PM, Info: Commiting verification transaction...
6/12/2017 7:29:33 PM, Info: Saving project information...
6/12/2017 7:39:12 PM, Info: Initializing SIMPLSharp Services...
6/12/2017 7:39:12 PM, Info: ProjectInfo successfully initialized.
6/12/2017 7:39:14 PM, Info: Commiting verification transaction...
6/12/2017 7:39:14 PM, Info: Saving project information...
6/12/2017 7:43:18 PM, Info: Initializing SIMPLSharp Services...
6/12/2017 7:43:18 PM, Info: ProjectInfo successfully initialized.
6/12/2017 7:43:20 PM, Info: Commiting verification transaction...
6/12/2017 7:43:20 PM, Info: Saving project information...
6/12/2017 7:53:09 PM, Info: Initializing SIMPLSharp Services...
6/12/2017 7:53:09 PM, Info: ProjectInfo successfully initialized.
6/12/2017 7:53:11 PM, Info: Commiting verification transaction...
6/12/2017 7:53:11 PM, Info: Saving project information...
6/13/2017 10:22:24 AM, Info: Terminating SIMPLSharp Services
6/13/2017 10:22:24 AM, Info: Saving project information...
6/13/2017 10:22:24 AM, Info: Terminating SIMPLSharp Services
6/13/2017 10:22:24 AM, Info: Saving project information...
6/13/2017 10:22:24 AM, Info: Terminating SIMPLSharp Services
6/13/2017 10:22:24 AM, Info: Saving project information...
6/13/2017 10:22:24 AM, Info: Terminating SIMPLSharp Services
6/13/2017 10:22:24 AM, Info: Saving project information...
6/13/2017 10:22:24 AM, Info: Terminating SIMPLSharp Services
6/13/2017 10:22:24 AM, Info: Saving project information...
6/13/2017 10:22:24 AM, Info: Terminating SIMPLSharp Services
6/13/2017 10:22:24 AM, Info: Saving project information...
6/13/2017 10:22:24 AM, Info: Terminating SIMPLSharp Services
6/13/2017 10:22:24 AM, Info: Saving project information...
6/13/2017 10:22:24 AM, Info: Terminating SIMPLSharp Services
6/13/2017 10:22:24 AM, Info: Saving project information...
6/13/2017 10:22:24 AM, Info: Terminating SIMPLSharp Services
6/13/2017 10:22:24 AM, Info: Saving project information...
6/13/2017 10:22:24 AM, Info: Terminating SIMPLSharp Services
6/13/2017 10:22:24 AM, Info: Saving project information...
6/13/2017 10:22:24 AM, Info: Terminating SIMPLSharp Services
6/13/2017 10:22:24 AM, Info: Saving project information...
6/13/2017 10:22:24 AM, Info: Terminating SIMPLSharp Services
