6/19/2017 3:52:33 PM, Info: Initializing SIMPLSharp Services...
6/19/2017 3:52:33 PM, Info: ProjectInfo successfully initialized.
6/19/2017 3:52:35 PM, Info: Commiting verification transaction...
6/19/2017 3:52:35 PM, Info: Saving project information...
6/19/2017 3:53:03 PM, Info: Initializing SIMPLSharp Services...
6/19/2017 3:53:03 PM, Info: ProjectInfo successfully initialized.
6/19/2017 3:53:05 PM, Info: Commiting verification transaction...
6/19/2017 3:53:05 PM, Info: Saving project information...
6/19/2017 3:53:48 PM, Info: Initializing SIMPLSharp Services...
6/19/2017 3:53:48 PM, Info: ProjectInfo successfully initialized.
6/19/2017 3:53:50 PM, Info: Commiting verification transaction...
6/19/2017 3:53:50 PM, Info: Saving project information...
6/19/2017 3:54:58 PM, Info: Initializing SIMPLSharp Services...
6/19/2017 3:54:58 PM, Info: ProjectInfo successfully initialized.
6/19/2017 3:55:00 PM, Info: Commiting verification transaction...
6/19/2017 3:55:00 PM, Info: Saving project information...
6/19/2017 3:56:03 PM, Info: Initializing SIMPLSharp Services...
6/19/2017 3:56:03 PM, Info: ProjectInfo successfully initialized.
6/19/2017 3:56:06 PM, Info: Commiting verification transaction...
6/19/2017 3:56:06 PM, Info: Saving project information...
6/19/2017 3:56:10 PM, Info: Terminating SIMPLSharp Services
6/19/2017 3:56:10 PM, Info: Saving project information...
6/19/2017 3:56:10 PM, Info: Terminating SIMPLSharp Services
6/19/2017 3:56:10 PM, Info: Saving project information...
6/19/2017 3:56:10 PM, Info: Terminating SIMPLSharp Services
6/19/2017 3:56:10 PM, Info: Saving project information...
6/19/2017 3:56:10 PM, Info: Terminating SIMPLSharp Services
6/19/2017 3:56:10 PM, Info: Saving project information...
6/19/2017 3:56:10 PM, Info: Terminating SIMPLSharp Services
